Aug 06, 2025 3:22:55 PM liquibase.changelog
INFO: Reading resource: db/changelog/migrations/db.changelog-202508061018.sql
Aug 06, 2025 3:22:55 PM liquibase.changelog
INFO: Reading resource: db/changelog/migrations/db.changelog-202508061020.sql
Aug 06, 2025 3:22:55 PM liquibase.changelog
INFO: Reading resource: db/changelog/migrations/db.changelog-202508061021.sql
Aug 06, 2025 3:22:55 PM liquibase.changelog
INFO: Reading resource: db/changelog/migrations/db.changelog-202508061022.sql
Aug 06, 2025 3:22:55 PM liquibase.changelog
INFO: Reading resource: db/changelog/migrations/db.changelog-202508061024.sql
Aug 06, 2025 3:22:55 PM liquibase.changelog
INFO: Reading resource: db/changelog/migrations/db.changelog-202508061027.xml
Aug 06, 2025 3:22:55 PM liquibase.changelog
INFO: Reading resource: db/changelog/migrations/db.chanvelog-202508061037.xml
Aug 06, 2025 3:22:55 PM liquibase.changelog
INFO: Reading from board.DATABASECHANGELOG
Database is up to date, no changesets to execute
Aug 06, 2025 3:22:55 PM liquibase.changelog
INFO: Reading from board.DATABASECHANGELOG

UPDATE SUMMARY
Run:                          0
Previously run:               7
Filtered out:                 0
-------------------------------
Total change sets:            7

Aug 06, 2025 3:22:55 PM liquibase.util
INFO: UPDATE SUMMARY
Aug 06, 2025 3:22:55 PM liquibase.util
INFO: Run:                          0
Aug 06, 2025 3:22:55 PM liquibase.util
INFO: Previously run:               7
Aug 06, 2025 3:22:55 PM liquibase.util
INFO: Filtered out:                 0
Aug 06, 2025 3:22:55 PM liquibase.util
INFO: -------------------------------
Aug 06, 2025 3:22:55 PM liquibase.util
INFO: Total change sets:            7
Aug 06, 2025 3:22:55 PM liquibase.util
INFO: Update summary generated
Aug 06, 2025 3:22:55 PM liquibase.lockservice
INFO: Successfully released change log lock
Aug 06, 2025 3:22:55 PM liquibase.command
INFO: Command execution complete
